<testsuites id="" name="" tests="1" failures="0" skipped="0" errors="0" time="16.384179000000003">
<testsuite name="smoke.spec.js" timestamp="1684202191221" hostname="" tests="1" failures="0" skipped="0" time="15.859" errors="0">
<testcase name="Smoke Test" classname="[chromium] › smoke.spec.js › Smoke Test" time="15.859">
<system-out>
<![CDATA[Add Dataset
Add Model
Create A Project
Configure Global Variables
Add a page
Input Blocks & Technical Test
Report Generation
Asserting Values
]]>
</system-out>
</testcase>
</testsuite>
</testsuites>